<?xml version="1.0" encoding="UTF-8"?>
<!-- Generated by org.testng.reporters.JUnitReportReporter -->
<testsuite skipped="0" hostname="LAPTOP-FEI8OKHM" name="com.testannotations.TestAnnotations" tests="2" failures="0" timestamp="2021-02-02T11:11:59 EST" time="0.004" errors="0">
  <testcase name="Test2" time="0.000" classname="com.testannotations.TestAnnotations"/>
  <system-out/>
  <testcase name="Test1" time="0.004" classname="com.testannotations.TestAnnotations"/>
  <system-out/>
</testsuite> <!-- com.testannotations.TestAnnotations -->
